[    0.000000] Initializing cgroup subsys cpuset
[    0.000000] Initializing cgroup subsys cpu
    0.000000] Initializing cgroup subsys cpuacct
[    0.000000] Linux version 4.4.0-142-generic (buildd@lgw01-amd64-033) (gcc version 5.4.0 20160609 (Ubuntu 5.4.0-6ubuntu1~16.04.10) ) #168-Ubuntu SMP Wed Jan 16 21:00:45 UTC 2019 (Ubuntu 4.4.0-142.168-generic 4.4.167)
[    0.000000] Command line: BOOT_IMAGE=/boot/vmlinuz-4.4.0-142-generic root=LABEL=cloudimg-rootfs ro console=tty1 console=ttyS0
[    0.000000] KERNEL supported cpus:
[    0.000000]   Intel GenuineIntel
[    0.000000]   AMD AuthenticAMD
[    0.000000]   Centaur CentaurHauls
[    0.000000] x86/fpu: xstate_offset[2]:  576, xstate_sizes[2]:  256
[    0.000000] x86/fpu: Supporting XSAVE feature 0x01: 'x87 floating point registers'
[    0.000000] x86/fpu: Supporting XSAVE feature 0x02: 'SSE registers'
[    0.000000] x86/fpu: Supporting XSAVE feature 0x04: 'AVX registers'
[    0.000000] x86/fpu: Enabled xstate features 0x7, context size is 832 bytes, using 'standard' format.
[    0.000000] e820: BIOS-provided physical RAM map:
[    0.000000] BIOS-e820: [mem 0x0000000000000000-0x000000000009fbff] usable
[    0.000000] BIOS-e820: [mem 0x000000000009fc00-0x000000000009ffff] reserved
[    0.000000] BIOS-e820: [mem 0x00000000000f0000-0x00000000000fffff] reserved
[    0.000000] BIOS-e820: [mem 0x0000000000100000-0x000000007ffeffff] usable
[    0.000000] BIOS-e820: [mem 0x000000007fff0000-0x000000007fffffff] ACPI data
[    0.000000] BIOS-e820: [mem 0x00000000fec00000-0x00000000fec00fff] reserved
[    0.000000] BIOS-e820: [mem 0x00000000fee00000-0x00000000fee00fff] reserved
[    0.000000] BIOS-e820: [mem 0x00000000fffc0000-0x00000000ffffffff] reserved
[    0.000000] NX (Execute Disable) protection: active
[    0.000000] SMBIOS 2.5 present.
[    0.000000] Hypervisor detected: KVM
[    0.000000] e820: last_pfn = 0x7fff0 max_arch_pfn = 0x400000000
[    0.000000] MTRR: Disabled
[    0.000000] x86PAT: MRsdisabled, skipping PAT initialization too.
[    0.000000] CPU MTRRs all blank - virtualized system.
[    0.000000] x86/PAT: Configuration [0-7]: WB  WT  UC- UC  WB  WT  UC- UC  
[    0.000000] found SMP MP-table at [mem 0x0009fff0-0x0009ffff] mapped at [ffff88000009fff0]
[    0.000000] Scanning 1 areas for low memory corruption
[    0.000000] RAMDISK: [mem 0x36308000-0x3717bfff]
[    0.000000] ACPI: Early table checksum verification disabled
[    0.000000] ACPI: RSDP 0x00000000000E0000 000024 (v02 VBOX  )
[    0.000000] ACPI: XSDT 0x000000007FFF0030 00003C (v01 VBOX   VBOXXSDT 00000001 ASL  00000061)
[    0.000000] ACPI: FACP 0x000000007FFF00F0 0000F4 (v04 VBOX   VBOXFACP 00000001 ASL  00000061)
[    0.000000] ACPI: DSDT 0x000000007FFF0470 0021FF (v02 VBOX   VBOXBIOS 00000002 INTL 20180105)
[    0.000000] ACPI: FACS 0x000000007FFF0200 000040
[    0.000000] ACPI: FACS 0x000000007FFF0200 000040
[    0.000000] ACPI: APIC 0x000000007FFF0240 00005C (v02 VBOX   VBOXAPIC 00000001 ASL  00000061)
[    0.000000] ACPI: SSDT 0x000000007FFF02A0 0001CC (v01 VBOX   VBOXCPUT 00000002 INTL 20180105)
[    0.000000] No NUMA configuration found
[    0.000000] Faking a node at [mem 0x0000000000000000-0x000000007ffeffff]
[    0.000000] NODE_DATA(0) allocated [mem 0x7ffeb000-0x7ffeffff]
[    0.000000] kvm-clock: Using msrs 4b564d01 and 4b564d00
[    0.000000] kvm-clock: cpu 0, msr 0:7ffe3001, primary cpu clock
[    0.000000] kvm-clock: using sched offset of 3231659350 cycles
[    0.000000] clocksource: kvm-clock: mask: 0xffffffffffffffff max_cycles: 0x1cd42e4dffb, max_idle_ns: 881590591483 ns
[    0.000000] Zone ranges:
[    0.000000]   DMA      [mem 0x0000000000001000-0x0000000000ffffff]
[    0.000000]   DMA32    [mem 0x0000000001000000-0x000000007ffeffff]
[    0.000000]   Normal   empty
[    0.000000]   Device   empty
[    0.000000] Movable zone start for each node
[    0.000000] Early memory node ranges
[    0.000000]   node   0: [mem 0x0000000000001000-0x000000000009efff]
[    0.000000]   node   0: [mem 0x0000000000100000-0x000000007ffeffff]
[    0.000000] Initmem setup node 0 [mem 0x0000000000001000-0x000000007ffeffff]
[    0.000000] ACPI: PM-Timer IO Port: 0x4008
[    0.000000] IOAPIC[0]: apic_id 2, version 32, address 0xfec00000, GSI 0-23
[    0.000000] ACPI: INT_SRC_OVR (bus 0 bus_irq 0 global_irq 2 dfl dfl)
[    0.000000] ACPI: INT_SRC_OVR (bus 0 bus_irq 9 global_irq 9 low level)
[    0.000000] Using ACPI (MADT) for SMP configuration information
[    0.000000] smpboot: Allowing 2 CPUs, 0 hotplug CPUs
[    0.000000] PM: Registered nosave memory: [mem 0x00000000-0x00000fff]
[    0.000000] PM: Registered nosave memory: [mem 0x0009f000-0x0009ffff]
[    0.000000] PM: Registered nosave memory: [mem 0x000a0000-0x000effff]
[    0.000000] PM: Registered nosave memory: [mem 0x000f0000-0x000fffff]
[    0.000000] e820: [mem 0x80000000-0xfebfffff] available for PCI devices
[    0.000000] Booting paravirtualized kernel on KVM
[    0.000000] clocksource: refined-jiffies: mask: 0xffffffff max_cycles: 0xffffffff, max_idle_ns: 7645519600211568 ns
[    0.000000] setup_percpu: NR_CPUS:512 nr_cpumask_bits:512 nr_cpu_ids:2 nr_node_ids:1
[    0.000000] PERCPU: Embedded 34 pages/cpu @ffff88007fc00000 s99480 r8192 d31592 u1048576
[    0.000000] Built 1 zonelists in Node order, mobility grouping on.  Total pages: 515960
[    0.000000] Policy zone: DMA32
[    0.000000] Kernel command line: BOOT_IMAGE=/boot/vmlinuz-4.4.0-142-generic root=LABEL=cloudimg-rootfs ro console=tty1 console=ttyS0
[    0.000000] PID hash table entries: 4096 (order: 3, 32768 bytes)
[    0.000000] Memory: 2029924K/2096696K available (8603K kernel code, 1332K rwdata, 4004K rodata, 1484K init, 1316K bss, 66772K reserved, 0K cma-reserved)
[    0.000000] SLUB: HWalign=64, Order=0-3, MinObjects=0, CPUs=2, Nodes=1
[    0.000000] Kernel/User page tables isolation: enabled
[    0.000000] Hierarchical RCU implementation.
[    0.000000] 	Build-time adjustment of leaf fanout to 64.
[    0.000000] 	RCU restricting CPUs from NR_CPUS=512 to nr_cpu_ids=2.
[    0.000000] RCU: Adjusting geometry for rcu_fanout_leaf=64, nr_cpu_ids=2
[    0.000000] NR_IRQS:33024 nr_irqs:440 16
[    0.000000] Console: colour VGA+ 80x25
[    0.000000] console [tty1] enabled
[    0.000000] console [ttyS0] enabled
[    0.000000] tsc: Detected 2592.004 MHz processor
[    0.449755] Calibrating delay loop (skipped) preset value.. 5184.00 BogoMIPS (lpj=10368016)
[    0.451880] pid_max: default: 32768 minimum: 301
[    0.452884] ACPI: Core revision 20150930
[    0.468555] ACPI: 2 ACPI AML tables successfully acquired and loaded
[    0.470989] Security Framework initialized
[    0.471718] Yama: becoming mindful.
[    0.472419] AppArmor: AppArmor initialized
[    0.475053] Dentry cache hash table entries: 262144 (order: 9, 2097152 bytes)
[    0.476649] Inode-cache hash table entries: 131072 (order: 8, 1048576 bytes)
[    0.478411] Mount-cache hash table entries: 4096 (order: 3, 32768 bytes)
[    0.485055] Mountpoint-cache hash table entries: 4096 (order: 3, 32768 bytes)
[    0.486358] Initializing cgroup subsys io
[    0.487098] Initializing cgroup subsys memory
[    0.498563] Initializing cgroup subsys devices
[    0.499369] Initializing cgroup subsys freezer
[    0.516483] Initializing cgroup subsys net_cls
[    0.517431] Initializing cgroup subsys perf_event
[    0.518329] Initializing cgroup subsys net_prio
[    0.519426] Initializing cgroup subsys hugetlb
[    0.541476] Initializing cgroup subsys pids
[    0.543434] mce: CPU supports 0 MCE banks
[    0.544182] Last level iTLB entries: 4KB 64, 2MB 8, 4MB 8
[    0.545078] Last level dTLB entries: 4KB 64, 2MB 0, 4MB 0, 1GB 4
[    0.548065] Spectre V2 : Mitigation: Full generic retpoline
[    0.549064] Spectre V2 : Spectre v2 / SpectreRSB mitigation: Filling RSB on context switch
[    0.550719] Speculative Store Bypass: Vulnerable
[    0.554054] Freeing SMP alternatives memory: 32K
[    0.560130] ftrace: allocating 32277 entries in 127 pages
[    0.616624] smpboot: APIC(0) Converting physical 0 to logical package 0
[    0.620677] smpboot: Max logical packages: 1
[    0.621849] x2apic enabled
[    0.622966] Switched APIC routing to physical x2apic.
[    0.625048] ..TIMER: vector=0x30 apic1=0 pin1=2 apic2=-1 pin2=-1
[    0.736783] APIC calibration not consistent with PM-Timer: 104ms instead of 100ms
[    0.743619] APIC delta adjusted to PM-Timer: 6250040 (6500074)
[    0.744742] smpboot: CPU0: Intel(R) Core(TM) i7-6700HQ CPU @ 2.60GHz (family: 0x6, model: 0x5e, stepping: 0x3)
[    0.746978] Performance Events: unsupported p6 CPU model 94 no PMU driver, software events only.
[    0.761302] KVM setup paravirtual spinlock
[    0.763554] x86: Booting SMP configuration:
[    0.764500] .... node  #0, CPUs:      #1
[    0.765613] kvm-clock: cpu 1, msr 0:7ffe3041, secondary cpu clock
[    0.769244] mce: CPU supports 0 MCE banks
[    0.771815] x86: Booted up 1 node, 2 CPUs
[    0.773915] smpboot: Total of 2 processors activated (10368.01 BogoMIPS)
[    0.775456] devtmpfs: initialized
[    0.778518] evm: security.selinux
[    0.789899] evm: security.SMACK64
[    0.790540] evm: security.SMACK64EXEC
[    0.791438] evm: security.SMACK64TRANSMUTE
[    0.792363] evm: security.SMACK64MMAP
[    0.793195] evm: security.ima
[    0.796916] evm: security.capability
[    0.797898] clocksource: jiffies: mask: 0xffffffff max_cycles: 0xffffffff, max_idle_ns: 7645041785100000 ns
[    0.799626] futex hash table entries: 512 (order: 3, 32768 bytes)
[    0.801052] pinctrl core: initialized pinctrl subsystem
[    0.807410] RTC time:  1:10:13, date: 03/12/19
[    0.808400] NET: Registered protocol family 16
[    0.823477] cpuidle: using governor ladder
[    0.832932] cpuidle: using governor menu
[    0.835001] PCCT header not found.
[    0.835920] ACPI: bus type PCI registered
[    0.836846] acpiphp: ACPI Hot Plug PCI Controller Driver version: 0.5
[    0.839355] PCI: Using configuration type 1 for base access
[    0.861320] ACPI: Added _OSI(Module Device)
[    0.862323] ACPI: Added _OSI(Processor Device)
[    0.863410] ACPI: Added _OSI(3.0 _SCP Extensions)
[    0.875013] ACPI: Added _OSI(Processor Aggregator Device)
[    0.877093] ACPI: Executed 1 blocks of module-level executable AML code
[    0.882782] ACPI: Interpreter enabled
[    0.883910] ACPI: (supports S0 S5)
[    0.905075] ACPI: Using IOAPIC for interrupt routing
[    0.906574] PCI: Using host bridge windows from ACPI; if necessary, use "pci=nocrs" and report a bug
[    0.911611] ACPI: PCI Root Bridge [PCI0] (domain 0000 [bus 00-ff])
[    0.918303] acpi PNP0A03:00: _OSC: OS supports [ASPM ClockPM Segments MSI]
[    0.919871] acpi PNP0A03:00: _OSC: not requesting OS control; OS requires [ExtendedConfig ASPM ClockPM MSI]
[    0.922153] acpi PNP0A03:00: fail to add MMCONFIG information, can't access extended PCI configuration space under this bridge.
[    0.925018] PCI host bridge to bus 0000:00
[    0.926107] pci_bus 0000:00: root bus resource [io  0x0000-0x0cf7 window]
[    0.938219] pci_bus 0000:00: root bus resource [io  0x0d00-0xffff window]
[    0.948659] pci_bus 0000:00: root bus resource [mem 0x000a0000-0x000bffff window]
[    0.950531] pci_bus 0000:00: root bus resource [mem 0x80000000-0xfdffffff window]
[    0.952497] pci_bus 0000:00: root bus resource [bus 00-ff]
[    0.958805] pci 0000:00:01.1: legacy IDE quirk: reg 0x10: [io  0x01f0-0x01f7]
[    0.962190] pci 0000:00:01.1: legacy IDE quirk: reg 0x14: [io  0x03f6]
[    0.965690] pci 0000:00:01.1: legacy IDE quirk: reg 0x18: [io  0x0170-0x0177]
[    0.967171] pci 0000:00:01.1: legacy IDE quirk: reg 0x1c: [io  0x0376]
[    1.002412] pci 0000:00:07.0: quirk: [io  0x4000-0x403f] claimed by PIIX4 ACPI
[    1.006958] pci 0000:00:07.0: quirk: [io  0x4100-0x410f] claimed by PIIX4 SMB
[    1.032420] ACPI: PCI Interrupt Link [LNKA] (IRQs 5 9 10 *11)
[    1.034242] ACPI: PCI Interrupt Link [LNKB] (IRQs 5 9 *10 11)
[    1.035793] ACPI: PCI Interrupt Link [LNKC] (IRQs 5 *9 10 11)
[    1.037355] ACPI: PCI Interrupt Link [LNKD] (IRQs 5 9 10 *11)
[    1.038928] ACPI: Enabled 2 GPEs in block 00 to 07
[    1.040249] vgaarb: setting as boot device: PCI:0000:00:02.0
[    1.041348] vgaarb: device added: PCI:0000:00:02.0,decodes=io+mem,owns=io+mem,locks=none
[    1.042959] vgaarb: loaded
[    1.043553] vgaarb: bridge control possible 0000:00:02.0
[    1.044732] SCSI subsystem initialized
[    1.045642] ACPI: bus type USB registered
[    1.046493] usbcore: registered new interface driver usbfs
[    1.047611] usbcore: registered new interface driver hub
[    1.048583] usbcore: registered new device driver usb
[    1.049713] PCI: Using ACPI for IRQ routing
[    1.050756] NetLabel: Initializing
[    1.051450] NetLabel:  domain hash size = 128
[    1.052225] NetLabel:  protocols = UNLABELED CIPSOv4
[    1.053183] NetLabel:  unlabeled traffic allowed by default
[    1.055417] amd_nb: Cannot enumerate AMD northbridges
[    1.056345] clocksource: Switched to clocksource kvm-clock
[    1.063296] AppArmor: AppArmor Filesystem Enabled
[    1.119182] pnp: PnP ACPI init
[    1.120550] pnp: PnP ACPI: found 3 devices
[    1.131130]loksource: acpi_pm: mask: 0xffffff max_cycles: 0xffffff, max_idle_ns: 2085701024 ns
[    1.207510] NET: Registered protocol family 2

[    1.208582] TCP established hash table entries: 16384 (order: 5, 131072 bytes)
[    1.289] P in hash table entries: 16384 (order: 6, 262144 bytes)
[    1.386387] TCP: Hash tables configured (established 16384 bind 16384)
[    1.387812] UDP hash table entries: 1024 (order: 3, 32768 bytes)
[    1.389242] UDP-Lite hash table entries: 1024 (order: 3, 32768 bytes)
[    1.390625] NET: Registered protocol family 1
[    1.391680] pci 0000:00:00.0: Limiting direct PCI/PCI transfers
[    1.393006] pci 0000:00:01.0: Activating ISA DMA hang workarounds
[    1.394219] Unpacking initramfs...

[    1.601892] Freeing initrd memory: 14800K
[    1.657963] platform rtc_cmos: registered platform RTC device (no PNP device found)
[    1.659588] Scanning for low memory corruption every 60 seconds
[    1.661096] audit: initializing netlink subsys (disabled)
[    1.662071] audit: type=2000 audit(1552353018.081:1): initialized
[    1.663432] Initialise system trusted keyring
[    1.664458] HugeTLB registered 2 MB page size, pre-allocated 0 pages
[    1.666629] zbud: loaded
[    1.667592] VFS: Disk quotas dquot_6.6.0
[    1.668322] VFS: Dquot-cache hash table entries: 512 (order 0, 4096 bytes)
[    1.669639] squashfs: version 4.0 (2009/01/31) Phillip Lougher
[    1.670840] fuse init (API version 7.23)
[    1.671643] Key type big_key registered
[    1.672340] Allocating IMA MOK and blacklist keyrings.
[    1.674273] Key type asymmetric registered
[    1.675025] Asymmetric key parser 'x509' registered
[    1.675868] Block layer SCSI generic (bsg) driver version 0.4 loaded (major 249)
[    1.677233] io scheduler noop registered
[    1.677943] io scheduler deadline registered (default)
[    1.678861] io scheduler cfq registered
[    1.682420] pci_hotplug: PCI Hot Plug PCI Core version: 0.5
[    1.758313] pciehp: PCI Express Hot Plug Controller Driver version: 0.4
[    1.759796] ACPI: AC Adapter [AC] (on-line)
[    1.760593] input: Power Button as /devices/LNXSYSTM:00/LNXPWRBN:00/input/input0
[    1.761957] ACPI: Power Button [PWRF]
[    1.762699] input: Sleep Button as /devices/LNXSYSTM:00/LNXSLPBN:00/input/input1
[    1.788732] ACPI: Sleep Button [SLPF]
[    1.790285] ACPI: Battery Slot [BAT0] (battery present)
[    1.791258] GHES: HEST is not enabled!
[    1.792224] Serial: 8250/16550 driver, 32 ports, IRQ sharing enabled
[    1.815157] 00:02: ttyS0 at I/O 0x3f8 (irq = 4, base_baud = 115200) is a 16550A
[    1.820049] Linux agpgart interface v0.103
[    1.829948] loop: module loaded
[    1.836435] scsi host0: ata_piix
[    1.844643] scsi host1: ata_piix
[    1.845378] ata1: PATA max UDMA/33 cmd 0x1f0 ctl 0x3f6 bmdma 0xd000 irq 14
[    1.846559] ata2: PATA max UDMA/33 cmd 0x170 ctl 0x376 bmdma 0xd008 irq 15
[    1.847839] libphy: Fixed MDIO Bus: probed
[    1.848669] tun: Universal TUN/TAP device driver, 1.6
[    1.849111] tun: (C) 1999-2004 Max Krasnyansky <maxk@qualcomm.com>
[    1.888330] PPP generic driver version 2.4.2
[    1.889432] ehci_hcd: USB 2.0 'Enhanced' Host Controller (EHCI) Driver
[    1.890495] ehci-pci: EHCI PCI platform driver
[    1.891428] ehci-platform: EHCI generic platform driver
[    1.892363] ohci_hcd: USB 1.1 'Open' Host Controller (OHCI) Driver
[    1.893578] ohci-pci: OHCI PCI platform driver
[    1.894612] ohci-platform: OHCI generic platform driver
[    1.895529] uhci_hcd: USB Universal Host Controller Interface driver
[    1.896566] i8042: PNP: PS/2 Controller [PNP0303:PS2K,PNP0f03:PS2M] at 0x60,0x64 irq 1,12
[    1.899007] serio: i8042 KBD port at 0x60,0x64 irq 1
[    1.901008] serio: i8042 AUX port at 0x60,0x64 irq 12
[    1.902464] mousedev: PS/2 mouse device common for all mice
[    1.904127] input: AT Translated Set 2 keyboard as /devices/platform/i8042/serio0/input/input2
[    1.905910] rtc_cmos rtc_cmos: rtc core: registered rtc_cmos as rtc0
[    1.907075] rtc_cmos rtc_cmos: alarms up to one day, 114 bytes nvram
[    1.908114] i2c /dev entries driver
[    1.908949] device-mapper: uevent: version 1.0.3
[    1.910026] device-mapper: ioctl: 4.34.0-ioctl (2015-10-28) initialised: dm-devel@redhat.com
[    1.911701] ledtrig-cpu: registered to indicate activity on CPUs
[    1.913369] NET: Registered protocol family 10
[    1.914675] NET: Registered protocol family 17
[    1.915492] Key type dns_resolver registered
[    1.916939] registered taskstats version 1
[    1.917696] Loading compiled-in X.509 certificates
[    1.924685] Loaded X.509 cert 'Build time autogenerated kernel key: bff73e56bc0efa7435b2a24f5427674623f1be80'
[    1.926415] zswap: loaded using pool lzo/zbud
[    1.928705] Key type trusted registered
[    1.932149] Key type encrypted registered
[    1.932995] AppArmor: AppArmor sha1 policy hashing enabled
[    1.939113] ima: No TPM chip found, activating TPM-bypass!
[    1.940024] ima: Allocated hash algorithm: sha1
[    1.940848] evm: HMAC attrs: 0x1
[    1.941912]   Magic number: 11:600:154
[    1.942801] rtc_cmos rtc_cmos: setting system clock to 2019-03-12 01:10:14 UTC (1552353014)
[    1.944604] BIOS EDD facility v0.16 2004-Jun-25, 0 devices found
[    1.945630] EDD information not available.
[    2.005508] Freeing unused kernel memory: 1484K
[    2.038912] Write protecting the kernel read-only data: 14336k
[    2.040536] Freeing unused kernel memory: 1624K
[    2.041630] Freeing unused kernel memory: 92K
Loading, please wait...
starting version 229
[    2.055392] random: systemd-udevd: uninitialized urandom read (16 bytes read, 3 bits of entropy available)
[    2.055776] random: udevadm: uninitialized urandom read (16 bytes read, 3 bits of entropy available)
[    2.055800] random: udevadm: uninitialized urandom read (16 bytes read, 3 bits of entropy available)
[    2.063163] random: udevadm: uninitialized urandom read (16 bytes read, 3 bits of entropy available)
[    2.063202] random: udevadm: uninitialized urandom read (16 bytes read, 3 bits of entropy available)
[    2.063320] random: udevadm: uninitialized urandom read (16 bytes read, 3 bits of entropy available)
[    2.063362] random: udevadm: uninitialized urandom read (16 bytes read, 3 bits of entropy available)
[    2.063416] random: udevadm: uninitialized urandom read (16 bytes read, 3 bits of entropy available)
[    2.063457] random: udevadm: uninitialized urandom read (16 bytes read, 3 bits of entropy available)
[    2.063512] random: udevadm: uninitialized urandom read (16 bytes read, 3 bits of entropy available)
[    2.119384] Fusion MPT base driver 3.04.20
[    2.121672] Copyright (c) 1999-2008 LSI Corporation
[    2.139253] AVX2 version of gcm_enc/dec engaged.
[    2.141868] AES CTR mode by8 optimization enabled
[    2.144940] e1000: Intel(R) PRO/1000 Network Driver - version 7.3.21-k8-NAPI
[    2.168261] e1000: Copyright (c) 1999-2006 Intel Corporation.
[    2.173832] Fusion MPT SPI Host driver 3.04.20
[    2.359729] input: ImExPS/2 Generic Explorer Mouse as /devices/platform/i8042/serio1/input/input4
[    2.549433] e1000 0000:00:03.0 eth0: (PCI:33MHz:32-bit) 02:d2:eb:b6:4d:8b
[    2.656440] tsc: Refined TSC clocksource calibration: 2591.003 MHz
[    2.656456] clocksource: tsc: mask: 0xffffffffffffffff max_cycles: 0x255908d6c99, max_idle_ns: 440795204882 ns
[    2.660214] e1000 0000:00:03.0 eth0: Intel(R) PRO/1000 Network Connection
[    2.819803] mptbase: ioc0: Initiating bringup
[    3.147992] ioc0: LSI53C1030 A0: Capabilities={Initiator}
[    3.570958] scsi host2: ioc0: LSI53C1030 A0, FwRev=00000000h, Ports=1, MaxQ=256, IRQ=20
[    3.778541] scsi 2:0:0:0: Direct-Access     VBOX     HARDDISK         1.0  PQ: 0 ANSI: 5
[    3.785659] scsi target2:0:0: Beginning Domain Validation
[    3.795872] scsi target2:0:0: Domain Validation skipping write tests
[    3.802119] scsi target2:0:0: Ending Domain Validation
[    3.823961] scsi target2:0:0: asynchronous
[    3.825979] scsi 2:0:1:0: Direct-Access     VBOX     HARDDISK         1.0  PQ: 0 ANSI: 5
[    3.828405] scsi target2:0:1: Beginning Domain Validation
[    3.831235] scsi target2:0:1: Domain Validation skipping write tests
[    3.833944] scsi target2:0:1: Ending Domain Validation
[    3.845091] scsi target2:0:1: asynchronous
[    3.858451] sd 2:0:0:0: Attached scsi generic sg0 type 0
[    3.860421] sd 2:0:0:0: [sda] 20971520 512-byte logical blocks: (10.7 GB/10.0 GiB)
[    3.861960] sd 2:0:1:0: [sdb] 20480 512-byte logical blocks: (10.5 MB/10.0 MiB)
[    3.862102] sd 2:0:1:0: [sdb] Write Protect is off
[    3.862164] sd 2:0:1:0: [sdb] Incomplete mode parameter data
[    3.862165] sd 2:0:1:0: [sdb] Assuming drive cache: write through
[    3.880651] sd 2:0:1:0: Attached scsi generic sg1 type 0
[    3.882321] sd 2:0:0:0: [sda] Write Protect is off
[    3.883627] sd 2:0:0:0: [sda] Incomplete mode parameter data
[    3.885031] sd 2:0:0:0: [sda] Assuming drive cache: write through
[    3.887852]  sda: sda1
[    3.888717] sd 2:0:1:0: [sdb] Attached SCSI disk
[    3.891472] sd 2:0:0:0: [sda] Attached SCSI disk
[    4.149101] e1000 0000:00:08.0 eth1: (PCI:33MHz:32-bit) 08:00:27:a5:ab:7d
[    4.161514] e1000 0000:00:08.0 eth1: Intel(R) PRO/1000 Network Connection
[    4.163570] e1000 0000:00:03.0 enp0s3: renamed from eth0
[    4.176715] e1000 0000:00:08.0 enp0s8: renamed from eth1
Begin: Loading e[    5.523924] md: linear personality registered for level -1
ssential drivers ... [    5.532487] md: multipath personality registered for level -4
[    5.568756] md: raid0 personality registered for level 0
[    5.573399] md: raid1 personality registered for level 1
[    5.644403] raid6: sse2x1   gen()  9830 MB/s
[    5.712389] raid6: sse2x1   xor()  7094 MB/s
[    5.788426] raid6: sse2x2   gen() 11964 MB/s
[    5.856407] raid6: sse2x2   xor()  8142 MB/s
[    5.928378] raid6: sse2x4   gen() 13028 MB/s
[    5.996406] raid6: sse2x4   xor()  9132 MB/s
[    6.072392] raid6: avx2x1   gen() 18142 MB/s
[    6.140378] raid6: avx2x2   gen() 19290 MB/s
[    6.208370] raid6: avx2x4   gen() 25062 MB/s
[    6.209304] raid6: using algorithm avx2x4 gen() 25062 MB/s
[    6.210341] raid6: using avx2x2 recovery algorithm
[    6.212733] xor: automatically using best checksumming function:
[    6.267280]    avx       : 52841.000 MB/sec
[    6.289478] async_tx: api initialized (async)
[    6.320428] md: raid6 personality registered for level 6
[    6.338218] md: raid5 personality registered for level 5
[    6.340252] md: raid4 personality registered for level 4
[    6.347758] md: raid10 personality registered for level 10
done.
Begin: Running /scripts/init-premount ... done.
Begin: Mounting root file system ... Begin: Running /scripts/local-top ... done.
Begin: Running /scripts/local-premount ... [    6.374884] Btrfs loaded
Scanning for Btrfs filesystems
done.
Warning: fsck not present, so skipping root file system
[    6.405153] EXT4-fs (sda1): mounted filesystem with ordered data mode. Opts: (null)
done.
Begin: Running /scripts/local-bottom ... done.
Begin: Running /scripts/init-bottom ... done.
[    6.504232] systemd[1]: systemd 229 running in system mode. (+PAM +AUDIT +SELINUX +IMA +APPARMOR +SMACK +SYSVINIT +UTMP +LIBCRYPTSETUP +GCRYPT +GNUTLS +ACL +XZ -LZ4 +SECCOMP +BLKID +ELFUTILS +KMOD -IDN)
[    6.513262] systemd[1]: Detected virtualization oracle.
[    6.519709] systemd[1]: Detected architecture x86-64.

Welcome to [1mUbuntu 16.04.6 LTS[0m!

[    6.523298] systemd[1]: Set hostname to <ubuntu>.
[    6.525536] systemd[1]: Initializing machine ID from random generator.
[    6.532231] systemd[1]: Installed transient /etc/machine-id file.
[    6.650343] systemd[1]: Listening on Journal Audit Socket.
[[0;32m  OK  [0m] Listening on Journal Audit Socket.
[    6.656984] systemd[1]: Listening on Syslog Socket.
[[0;32m  OK  [0m] Listening on Syslog Socket.
[    6.660089] systemd[1]: Created slice System Slice.
[[0;32m  OK  [0m] Created slice System Slice.
[    6.663042] systemd[1]: Listening on Journal Socket (/dev/log).
[[0;32m  OK  [0m] Listening on Journal Socket (/dev/log).
[    6.666237] systemd[1]: Started Trigger resolvconf update for networkd DNS.
[[0;32m  OK  [0m] Started Trigger resolvconf update for networkd DNS.
[   .708602] systemd[1]: Reached target Swap.
[[0;32m  OK  [0m] Reached target Swap.
[    6.761234] systemd[1]: Listening on LVM2 poll daemon socket.
[[0;32m  OK  [0m] Listening on LVM2 poll daemon socket.
[    6.763453] systemd[1]: Started Forward Password Requests to Wall Directory Watch.
[[0;32m  OK  [0m] Started Forward Password Requests to Wall Directory Watch.
[    6.766078] systemd[1]: Reached target Encrypted Volumes.
[[0;32m  OK  [0m] Reached target Encrypted Volumes.
[    6.768337] systemd[1]: Reached target User and Group Name Lookups.
[[0;32m  OK  [0m] Reached target User and Group Name Lookups.
[    6.771361] systemd[1]: Listening on udev Control Socket.
[[0;32m  OK  [0m] Listening on udev Control Socket.
[    6.773833] systemd[1]: Listening on udev Kernel Socket.
[[0;32m  OK  [0m] Listening on udev Kernel Socket.
[    6.777565] systemd[1]: Listening on Journal Socket.
[[0;32m  OK  [0m] Listening on Journal Socket.
[    6.800593] systemd[1]: Starting Journal Service...
         Starting Journal Service...
[    6.805759] systemd[1]: Mounting Huge Pages File System...
         Mounting Huge Pages File System...
[    6.809965] systemd[1]: Starting Nameserver information manager...
         Starting Nameserver information manager...
[    6.812631] systemd[1]: Starting Remount Root and Kernel File Systems...
         Starting Remount Root and Kernel File Systems...
[    6.815348] systemd[1]: Mounting Debug File System...
         Mounting Debug File System...
[    6.820178] systemd[1]: Starting Load Kernel Modules...
         Starting Load Kernel Modules...
[    6.823494] systemd[1]: Starting Set console keymap...
         Starting Set console ke[    6.826433] EXT4-fs (sda1): re-mounted. Opts: (null)
ymap...
[    6.919336] systemd[1]: Starting Create list of required static device nodes for the current kernel...
         Starting Create list of required st... nodes for the current kernel...
[    6.922981] systemd[1]: Listening on /dev/initctl Compatibility Named Pipe.
[[0;32m  OK  [0m] Listening on /dev/initctl Compatibility Named Pipe.
[    6.926394] systemd[1]: Set up automount Arbitrary Executable File Formats File System Automount Point.
[[0;32m  OK  [0m] Set up automount Arbitrary Executab...ats File System Automount Point.
[    6.939912] Loading iSCSI transport class v2.0-870.
[    6.940972] systemd[1]: Listening on Device-mapper event daemon FIFOs.
[[0;32m  OK  [0m] Listening on Device-mapper event daemon FIFOs.
[    6.944574] systemd[1]: Reached target System Time Synchronized.
[[0;32m  OK  [0m] Reached target System Time Synchronized.
[    6.950542] systemd[1]: Created slice system-serial\x2dgetty.slice.
[    6.959298] iscsi: registered transport (tcp)
[[0;32m  OK  [0m] Created slice system-serial\x2dgetty.slice.
[    6.972716] systemd[1]: Mounting POSIX Message Queue File System...
         Mounting POSIX Message Queue File System...
[    6.996628] systemd[1]: Starting Uncomplicated firewall...
         Starting Uncomplicated firewall...
[    6.999868] systemd[1]: Listening on LVM2 metadata daemon socket.
[[0;32m  OK  [0m] Listening on LVM2 metadata daemon socket.
[    7.003958] systemd[1]: Starting Monitoring of LVM2 mirrors, snapshots etc. using dmeventd or progress polling...
         Starting Monitoring of LVM2 mirrors... dmeventd or progress polling...
[    7.008326] systemd[1]: Created slice User and Session Slice.
[[0;32m  OK  [0m] Created slice User and Session Slice.
[    7.011206] systemd[1]: Reached target Slices.
[[0;32m  OK  [0m] Reached target Slices.
[    7.017143] systemd[1]: Mounted Debug File System.
[[0;32m  OK  [0m] Mounted Debug File System.
[    7.022112] systemd[1]: Mounted POSIX Message Queue File System.
[    7.022262] iscsi: registered transport (iser)
[[0;32m  OK  [0m] Mounted POSIX Message Queue File System.
[    7.041471] systemd[1]: Mounted Huge Pages File System.
[[0;32m  OK  [0m] Mounted Huge Pages File System.
[    7.043773] systemd[1]: Started Journal Service.
[[0;32m  OK  [0m] Started Journal Service.
[[0;32m  OK  [0m] Started Remount Root and Kernel File Systems.
[[0;32m  OK  [0m] Started Load Kernel Modules.
[[0;32m  OK  [0m] Started Set console keymap.
[[0;32m  OK  [0m] Started Create list of required sta...ce nodes for the current kernel.
[[0;32m  OK  [0m] Started Uncomplicated firewall.
[[0;32m  OK  [0m] Started Nameserver information manager.
[[0;32m  OK  [0m[    7.153356] random: nonblocking pool is initialized
] Started LVM2 metadata daemon.
         Starting Create Static Device Nodes in /dev...
         Starting Apply Kernel Variables...
         Mounting FUSE Control File System...
         Starting udev Coldplug all Devices...
         Starting Load/Save Random Seed...
         Starting Flush Journal to Persistent Storage...
[[0;32m  OK  [0m] Mounted FUSE Control File System.
[[0;32m  OK  [0m] Started Create Static Device Nodes in /dev.
[[0;32m  OK  [0m] Started Apply Kernel Variables.
[[0;32m  OK  [0m] Started Load/Save Random Seed.
[[0;32m  OK  [0m] Started udev Coldplug all Devices.
[[0;32m  OK  [0m] Started Flush Journal to Persistent Storage.
         Starting udev Kernel Device Manager...
[[0;32m  OK  [0m] Started udev Kernel Device Manager.
[[0;32m  OK  [0m] Started Dispatch Password Requests to Console Directory Watch.
[[0;32m  OK  [0m] Found device /dev/ttyS0.
[[0;32m  OK  [0m] Listening on Load/Save RF Kill Switch Status /dev/rfkill Watch.
[[0;32m  OK  [0m] Started Monitoring of LVM2 mirrors,...ng dmeventd or progress polling.
[[0;32m  OK  [0m] Reached target Local File Systems (Pre).
[[0;32m  OK  [0m] Reached target Local File Systems.
         Starting Initial cloud-init job (pre-networking)...
         Starting LSB: AppArmor initialization...
         Starting Tell Plymouth To Write Out Runtime Data...
         Starting Create Volatile Files and Directories...
         Starting Set console font and keymap...
         Starting Commit a transient machine-id on disk...
[[0;32m  OK  [0m] Started Tell Plymouth To Write Out Runtime Data.
[[0;32m  OK  [0m] Started Create Volatile Files and Directories.
[[0;32m  OK  [0m] Started Commit a transient machine-id on disk.
         Starting Update UTMP about System Boot/Shutdown...
[[0;32m  OK  [0m] Started Update UTMP about System Boot/Shutdown.
[    8.219969] cloud-init[607]: Cloud-init v. 18.5-21-g8ee294d5-0ubuntu1~16.04.1 running 'init-local' at Tue, 12 Mar 2019 01:10:21 +0000. Up 7.84 seconds.
[[0;32m  OK  [0m] Started LSB: AppArmor initialization.
[[0;32m  OK  [0m] Started Set console font and keymap.
[[0;32m  OK  [0m] Started Initial cloud-init job (pre-networking).
[[0;32m  OK  [0m] Reached target Network (Pre).
[[0;32m  OK  [0m] Created slice system-getty.slice.
         Starting Raise network interfaces...
[[0;32m  OK  [0m] Started Raise network interfaces.
[[0;32m  OK  [0m] Reached target Network.
         Starting Initial cloud-init job (metadata service crawler)...
[    9.408374] cloud-init[957]: Cloud-init v. 18.5-21-g8ee294d5-0ubuntu1~16.04.1 running 'init' at Tue, 12 Mar 2019 01:10:22 +0000. Up 8.87 seconds.
[    9.415730] cloud-init[957]: ci-info: ++++++++++++++++++++++++++++++++++++++Net device info+++++++++++++++++++++++++++++++++++++++
[    9.427333] cloud-init[957]: ci-info: +--------+-------+----------------------------+---------------+--------+-------------------+
[    9.429200] cloud-init[957]: ci-info: | Device |   Up  |          Address           |      Mask     | Scope  |     Hw-Address    |
[    9.431213] cloud-init[957]: ci-info: +--------+-------+----------------------------+---------------+--------+-------------------+
[    9.433240] cloud-init[957]: ci-info: | enp0s3 |  True |         10.0.2.15          | 255.255.255.0 | global | 02:d2:eb:b6:4d:8b |
[    9.435266] cloud-init[957]: ci-info: | enp0s3 |  True | fe80::d2:ebff:feb6:4d8b/64 |       .       |  link  | 02:d2:eb:b6:4d:8b |
[    9.437331] cloud-init[957]: ci-info: | enp0s8 | False |             .              |       .       |   .    | 08:00:27:a5:ab:7d |
[    9.439390] cloud-init[957]: ci-info: |   lo   |  True |         127.0.0.1          |   255.0.0.0   |  host  |         .         |
[    9.441402] cloud-init[957]: ci-info: |   lo   |  True |          ::1/128           |       .       |  host  |         .         |
[    9.443430] cloud-init[957]: ci-info: +--------+-------+----------------------------+---------------+--------+-------------------+
[    9.446585] cloud-init[957]: ci-info: +++++++++++++++++++++++++++Route IPv4 info++++++++++++++++++++++++++++
[    9.448398] cloud-init[957]: ci-info: +-------+-------------+----------+---------------+-----------+-------+
[    9.450183] cloud-init[957]: ci-info: | Route | Destination | Gateway  |    Genmask    | Interface | Flags |
[    9.451960] cloud-init[957]: ci-info: +-------+-------------+----------+---------------+-----------+-------+
[    9.453754] cloud-init[957]: ci-info: |   0   |   0.0.0.0   | 10.0.2.2 |    0.0.0.0    |   enp0s3  |   UG  |
[    9.455232] cloud-init[957]: ci-info: |   1   |   10.0.2.0  | 0.0.0.0  | 255.255.255.0 |   enp0s3  |   U   |
[    9.456724] cloud-init[957]: ci-info: +-------+-------------+----------+---------------+-----------+-------+
[    9.458246] cloud-init[957]: ci-info: +++++++++++++++++++Route IPv6 info+++++++++++++++++++
[    9.459669] cloud-init[957]: ci-info: +-------+-------------+---------+-----------+-------+
[    9.461014] cloud-init[957]: ci-info: | Route | Destination | Gateway | Interface | Flags |
[    9.462435] cloud-init[957]: ci-info: +-------+-------------+---------+-----------+-------+
[    9.463728] cloud-init[957]: ci-info: |   0   |  fe80::/64  |    ::   |   enp0s3  |   U   |
[    9.465038] cloud-init[957]: ci-info: |   3   |   ff00::/8  |    ::   |   enp0s3  |   U   |
[    9.466335] cloud-init[957]: ci-info: +-------+-------------+---------+-----------+-------+
[    9.467628] cloud-init[957]: Generating public/private rsa key pair.
[    9.468759] cloud-init[957]: Your identification has been saved in /etc/ssh/ssh_host_rsa_key.
[    9.470107] cloud-init[957]: Your public key has been saved in /etc/ssh/ssh_host_rsa_key.pub.
[    9.471488] cloud-init[957]: The key fingerprint is:
[    9.472456] cloud-init[957]: SHA256:ATPlh8H9K8Z4a0TncHjCfJtg8YImJvpaTfg15g+fDhw root@ubuntu-xenial
[    9.473823] cloud-init[957]: The key's randomart image is:
[    9.474816] cloud-init[957]: +---[RSA 2048]----+
[    9.475724] cloud-init[957]: |      +oo.       |
[    9.476618] cloud-init[957]: |       =.oo      |
[    9.477627] cloud-init[957]: |        ++.=     |
[    9.483152] cloud-init[957]: |    ..o oo@ B    |
[    9.484188] cloud-init[957]: |   ..o.oE= @ +   |
[    9.485229] cloud-init[957]: |  .  + =.o* =    |
[    9.490285] cloud-init[957]: |   .. o =+ o     |
[[    9.490503] cloud-init[957]: |   ..    =o.     |
[0;32m  OK  [0m[    9.491151] cloud-init[957]: |  ..     o=      |
] [    9.491934] cloud-init[957]: +----[SHA256]-----+
Started Initial cloud-init job (metadata service crawler).[    9.492581] cloud-init[957]: Generating public/private dsa key pair.

[    9.493734] cloud-init[957]: Your identification has been saved in /etc/ssh/ssh_host_dsa_key.
[    9.495554] cloud-init[957]: Your public key has been saved in /etc/ssh/ssh_host_dsa_key.pub.
[    9.496923] cloud-init[957]: The key fingerprint is:
[    9.497892] cloud-init[957]: SHA256:Fro1OXUdZFtcOKdd01cpcC4kQoy7oA4PuX/Bzg8wHko root@ubuntu-xenial
[[    9.498203] cloud-init[957]: The key's randomart image is:
[0;32m  OK  [0m[    9.499319] cloud-init[957]: +---[DSA 1024]----+
] [    9.500230] cloud-init[957]: |      +o . o.o+oO|
Reached target System Initialization.[    9.500929] cloud-init[957]: |     . .. o o+o**|

[    9.502094] cloud-init[957]: |      . . ....+=+|
[[    9.502502] cloud-init[957]: |   . . . + .. . .|
[0;32m  OK  [0m[    9.504702] cloud-init[957]: | E=.. o S        |
] [    9.505446] cloud-init[957]: |=+ +o. + o       |
Started Daily apt download activities.[    9.506070] cloud-init[957]: |++.o...          |

[[    9.506757] cloud-init[957]: |... +.           |
[0;32m  OK  [0m[    9.529576] cloud-init[957]: | ... ..          |
] [    9.530263] cloud-init[957]: +----[SHA256]-----+
Listening on D-Bus System Message Bus Socket.[    9.530833] cloud-init[957]: Generating public/private ecdsa key pair.

[    9.531836] cloud-init[957]: Your identification has been saved in /etc/ssh/ssh_host_ecdsa_key.
[    9.533592] cloud-init[957]: Your public key has been saved in /etc/ssh/ssh_host_ecdsa_key.pub.
[[    9.533906] cloud-init[957]: The key fingerprint is:
[0;32m  OK  [0m] Listening on UUID daemon activation socket.
[[    9.534138] cloud-init[957]: SHA256:Mqc9wvwWzBuSJGUHu5y8GSFiaDloI2gHyo2AZlzY8Zs root@ubuntu-xenial
[0;32m  OK  [0m[    9.543896] cloud-init[957]: The key's randomart image is:
] [    9.544984] cloud-init[957]: +---[ECDSA 256]---+
Started Daily Cleanup of Temporary Directories.[    9.545600] cloud-init[957]: |+.+o. ..         |

[    9.546591] cloud-init[957]: |B*=.. o..        |
[    9.547298] cloud-init[957]: |OXoo.+o.         |
[    9.547438] cloud-init[957]: |=.+..+++         |
[    9.547568] cloud-init[957]: |     EO+S        |
[    9.547838] cloud-init[957]: |     ooX=        |
[    9.547963] cloud-init[957]: |      B.o+       |
[    9.548092] cloud-init[957]: |       oo.       |
[    9.548239] cloud-init[957]: |       ..        |
[    9.548362] cloud-init[957]: +----[SHA256]-----+
[    9.548503] cloud-init[957]: Generating public/private ed25519 key pair.
[    9.548634] cloud-init[957]: Your identification has been saved in /etc/ssh/ssh_host_ed25519_key.
[    9.548767] cloud-init[957]: Your public key has been saved in /etc/ssh/ssh_host_ed25519_key.pub.
[    9.548896] cloud-init[957]: The key fingerprint is:
[    9.549033] cloud-init[957]: SHA256:SYvAFYpzu6XEqxp3zVIBRKHoLgzhdJOFVk2SmCMBAow root@ubuntu-xenial
[    9.549161] cloud-init[957]: The key's randomart image is:
[    9.549290] cloud-init[957]: +--[ED25519 256]--+
[    9.549423] cloud-init[957]: |O..oX=*o         |
[    9.549698] cloud-init[957]: |E+ Xo=..         |
[    9.549844] cloud-init[957]: |o.*+* . .        |
[    9.549947] cloud-init[957]: |+..+.o + o       |
[    9.550211] cloud-init[957]: |.o  + + S        |
[    9.550317] cloud-init[957]: |+  . O           |
[    9.550431] cloud-init[957]: |oo. * o          |
[    9.550558] cloud-init[957]: |.o o .           |
[    9.550678] cloud-init[957]: |...              |
[    9.550800] cloud-init[957]: +----[SHA256]-----+
[[0;32m  OK  [0m] Started ACPI Events Check.
[[0;32m  OK  [0m] Reached target Paths.
         Starting LXD - unix socket.
         Starting Socket activation for snappy daemon.
[[0;32m  OK  [0m] Listening on ACPID Listen Socket.
[[0;32m  OK  [0m] Started Daily apt upgrade and clean activities.
[[0;32m  OK  [0m] Reached target Timers.
[[0;32m  OK  [0m] Reached target Network is Online.
         Starting iSCSI initiator daemon (iscsid)...
[[0;32m  OK  [0m] Reached target Cloud-config availability.
[[0;32m  OK  [0m] Listening on LXD - unix socket.
[[0;32m  OK  [0m] Listening on Socket activation for snappy daemon.
[[0;32m  OK  [0m] Started iSCSI initiator daemon (iscsid).
         Starting Login to default iSCSI targets...
[[0;32m  OK  [0m] Reached target Sockets.
[[0;32m  OK  [0m] Reached target Basic System.
         Starting Login Service...
         Starting Accounts Service...
         Starting System Logging Service...
[[0;32m  OK  [0m] Started ACPI event daemon.
[[0;32m  OK  [0m] Started Unattended Upgrades Shutdown.
         Starting Virtualbox guest utils...
         Starting Pollinate to seed the pseudo random number generator...
         Starting Snappy daemon...
[[0;32m  OK  [0m] Started Deferred execution scheduler.
         Starting /etc/rc.local Compatibility...
         Starting LSB: MD monitoring daemon...
[[0;32m  OK  [0m] Started D-Bus System Message Bus.
[[0;32m  OK  [0m] Started FUSE filesystem for LXC.
         Starting LSB: Record successful boot for GRUB...
[[0;32m  OK  [0m] Started Regular background program processing daemon.
         Starting LXD - container startup/shutdown...
[[0;32m  OK  [0m] Started System Logging Service.
[[0;32m  OK  [0m] Started /etc/rc.local Compatibility.
[[0;32m  OK  [0m] Started Snappy daemon.
[[0;32m  OK  [0m] Started Login to default iSCSI targets.
[[0;32m  OK  [0m] Started LXD - container startup/shutdown.
[[0;32m  OK  [0m] Started LSB: Record successful boot for GRUB.
[[0;32m  OK  [0m] Started LSB: MD monitoring daemon.
[[0;32m  OK  [0m] Started Login Service.
[[0;32m  OK  [0m] Started Virtualbox guest utils.
         Starting Authenticate and Authorize Users to Run Privileged Tasks...
[[0;32m  OK  [0m] Reached target Remote File Systems (Pre).
[[0;32m  OK  [0m] Reached target Remote File Systems.
         Starting LSB: daemon to balance interrupts for SMP systems...
         Starting LSB: automatic crash report generation...
         Starting Permit User Sessions...
         Starting LSB: Set the CPU Frequency Scaling governor to "ondemand"...
         Starting Wait until snapd is fully seeded...
[[0;32m  OK  [0m] Started Permit User Sessions.
[[0;32m  OK  [0m] Started Authenticate and Authorize Users to Run Privileged Tasks.
[[0;32m  OK  [0m] Started Accounts Service.
         Starting Hold until boot process finishes up...
         Starting Terminate Plymouth Boot Screen...
[[0;32m  OK  [0m] Started LSB: daemon to balance interrupts for SMP systems.
[[0;32m  OK  [0m] Started Hold until boot process finishes up.
         Starting Set console scheme...
[[0;32m  OK  [0m] Started Serial Getty on ttyS0.
[[0;32m  OK  [0m] Started Getty on tty1.
[[0;32m  OK  [0m] Reached target Login Prompts.
[[0;32m  OK  [0m] Started LSB: automatic crash report generation.
[[0;32m  OK  [0m] Started LSB: Set the CPU Frequency Scaling governor to "ondemand".
[[0;32m  OK  [0m] Started Terminate Plymouth Boot Screen.
[[0;32m  OK  [0m] Started Set console scheme.
[[0;32m  OK  [0m] Started Pollinate to seed the pseudo random number generator.
         Starting OpenBSD Secure Shell server...
[[0;32m  OK  [0m] Started OpenBSD Secure Shell server.
[[0;32m  OK  [0m] Created slice User Slice of vagrant.
         Starting User Manager for UID 1000...
[[0;32m  OK  [0m] Started Session 1 of user vagrant.
[[0;32m  OK  [0m] Started User Manager for UID 1000.
[[0;32m  OK  [0m] Started Wait until snapd is fully seeded.
         Starting Apply the settings specified in cloud-config...
[[0;32m  OK  [0m] Reached target Multi-User System.
[[0;32m  OK  [0m] Reached target Graphical Interface.
         Starting Update UTMP about System Runlevel Changes...
[[0;32m  OK  [0m] Started Update UTMP about System Runlevel Changes.
[   13.956270] cloud-init[1376]: Generating locales (this might take a while)...
[   14.595781] cloud-init[1376]:   en_US.UTF-8... done
[   14.612951] cloud-init[1376]: Generation complete.
[   14.850297] cloud-init[1376]: Cloud-init v. 18.5-21-g8ee294d5-0ubuntu1~16.04.1 running 'modules:config' at Tue, 12 Mar 2019 01:10:27 +0000. Up 13.87 seconds.
[[0;32m  OK  [0m] Started Apply the settings specified in cloud-config.
         Starting Execute cloud user/final scripts...
ci-info: no authorized ssh keys fingerprints found for user ubuntu.
<14>Mar 12 01:10:28 ec2: 
<14>Mar 12 01:10:28 ec2: #############################################################
<14>Mar 12 01:10:28 ec2: -----BEGIN SSH HOST KEY FINGERPRINTS-----
<14>Mar 12 01:10:28 ec2: 1024 SHA256:Fro1OXUdZFtcOKdd01cpcC4kQoy7oA4PuX/Bzg8wHko root@ubuntu-xenial (DSA)
<14>Mar 12 01:10:28 ec2: 256 SHA256:Mqc9wvwWzBuSJGUHu5y8GSFiaDloI2gHyo2AZlzY8Zs root@ubuntu-xenial (ECDSA)
<14>Mar 12 01:10:28 ec2: 256 SHA256:SYvAFYpzu6XEqxp3zVIBRKHoLgzhdJOFVk2SmCMBAow root@ubuntu-xenial (ED25519)
<14>Mar 12 01:10:28 ec2: 2048 SHA256:ATPlh8H9K8Z4a0TncHjCfJtg8YImJvpaTfg15g+fDhw root@ubuntu-xenial (RSA)
<14>Mar 12 01:10:28 ec2: -----END SSH HOST KEY FINGERPRINTS-----
<14>Mar 12 01:10:28 ec2: #############################################################
-----BEGIN SSH HOST KEY KEYS-----
ecdsa-sha2-nistp256 AAAAE2VjZHNhLXNoYTItbmlzdHAyNTYAAAAIbmlzdHAyNTYAAABBBC+CEsEAEAIWYBVZghtU5FlyUYAwgIUlzEWByRwZgPWuu3+kiLD+yH+OcOooeo13PZAfyzYwe16eHNja0CYDR2I= root@ubuntu-xenial
ssh-ed25519 AAAAC3NzaC1lZDI1NTE5AAAAIHBYT6X/wZfqBKOCu/Zhi2evzQVuw3tjeXz8LS/NNp3b root@ubuntu-xenial
ssh-rsa AAAAB3NzaC1yc2EAAAADAQABAAABAQDgzR6u96IDqf9fKTPqWWNcZrD8sHIbIWvSibR4DCYQvZqxfx0AFSq0APp5ZhXkNrcsYXJrfMJdYH6IBrywOYnwVF+DfK+XnTSqp01uFgbumOcKHRHef31f9jOjKayzH3LNVfVc1vMLl5bwDj+6ZAxjiaCyRKy9yxotH7fTJcjmbGAdTY+RExtruBzebUfOsA36XlQIjZE4deWZEryQxVDuinLXylFER0Y0cWwOUY9mw+Fs6gM8Ba1kqSCNOtLFlSNpaMfbE6auuZH7QXhz0sDH+AFhlkZDvW0LZOFHD2RYuz7TxmWX07L3QO10TaF7pnnM/COQlEjX7bPmj/zlNjP5 root@ubuntu-xenial
-----END SSH HOST KEY KEYS-----
[   15.283603] cloud-init[1465]: Cloud-init v. 18.5-21-g8ee294d5-0ubuntu1~16.04.1 running 'modules:final' at Tue, 12 Mar 2019 01:10:28 +0000. Up 15.17 seconds.
[   15.283780] cloud-init[1465]: ci-info: no authorized ssh keys fingerprints found for user ubuntu.
[   15.283905] cloud-init[1465]: Cloud-init v. 18.5-21-g8ee294d5-0ubuntu1~16.04.1 finished at Tue, 12 Mar 2019 01:10:28 +0000. Datasource DataSourceNoCloud [seed=/dev/sdb][dsmode=net].  Up 15.27 seconds

Ubuntu 16.04.6 LTS ubuntu-xenial ttyS0

ubuntu-xenial login: 